2025-07-03 11:03:10,191 - INFO - === Starting Automated Diabetes Preprocessing Pipeline ===
2025-07-03 11:03:10,191 - INFO - Author: alpian_khairi_C1BO
2025-07-03 11:03:10,191 - INFO - Loading data from data/diabetes_raw.csv
2025-07-03 11:03:11,247 - INFO - Raw data saved to data/diabetes_raw.csv
2025-07-03 11:03:11,247 - INFO - Dataset loaded successfully. Shape: (100000, 9)
2025-07-03 11:03:11,247 - INFO - Performing data exploration...
2025-07-03 11:03:11,391 - INFO - Exploration completed:
2025-07-03 11:03:11,391 - INFO -   - Shape: (100000, 9)
2025-07-03 11:03:11,391 - INFO -   - Missing values: 0
2025-07-03 11:03:11,391 - INFO -   - Duplicates: 3854
2025-07-03 11:03:11,391 - INFO -   - Target distribution: {0: 91500, 1: 8500}
2025-07-03 11:03:11,391 - INFO - Starting data cleaning...
2025-07-03 11:03:11,485 - INFO - Found 3854 duplicate rows
2025-07-03 11:03:11,597 - INFO - Outlier detection completed: {'age': 0, 'hypertension': 7461, 'heart_disease': 3923, 'bmi': 5354, 'HbA1c_level': 1312, 'blood_glucose_level': 2031}
2025-07-03 11:03:11,805 - INFO - Data type validation completed
2025-07-03 11:03:11,817 - INFO - Data cleaning completed. Shape: (100000, 9) -> (96127, 9)
2025-07-03 11:03:11,817 - INFO - Starting feature engineering...
2025-07-03 11:03:11,880 - INFO - Label encoded gender: {'female': 0, 'male': 1, 'other': 2}
2025-07-03 11:03:11,925 - INFO - Label encoded smoking_history: {'current': 0, 'ever': 1, 'former': 2, 'never': 3, 'no info': 4, 'not current': 5}
2025-07-03 11:03:11,925 - INFO - Scaling numerical features using StandardScaler...
2025-07-03 11:03:11,973 - INFO - Feature engineering completed
2025-07-03 11:03:11,973 - INFO - Final feature columns: ['gender', 'age', 'hypertension', 'heart_disease', 'smoking_history', 'bmi', 'HbA1c_level', 'blood_glucose_level']
2025-07-03 11:03:11,980 - INFO - Starting preprocessing validation...
2025-07-03 11:03:24,073 - INFO - Validation completed successfully. Accuracy: 0.9691
2025-07-03 11:03:24,073 - INFO - Top 5 important features: [('HbA1c_level', 0.3926119497939353), ('blood_glucose_level', 0.3211475549055219), ('bmi', 0.1232182114375823), ('age', 0.10519766712851836), ('smoking_history', 0.02681212961311873)]
2025-07-03 11:03:25,718 - INFO - Preprocessed data saved to: preprocessing/diabetes_preprocessed.csv
2025-07-03 11:03:25,718 - INFO - Preprocessing objects saved to: preprocessing/diabetes_preprocessed_objects.pkl
2025-07-03 11:03:25,744 - INFO - Summary report saved to: preprocessing/diabetes_preprocessed_report.txt
2025-07-03 11:03:25,746 - INFO - === Preprocessing Pipeline Completed Successfully ===
2025-07-03 04:16:16,215 - INFO - === Starting Automated Diabetes Preprocessing Pipeline ===
2025-07-03 04:16:16,215 - INFO - Author: alpian_khairi_C1BO
2025-07-03 04:16:16,215 - INFO - Loading data from data/diabetes_raw.csv
2025-07-03 04:16:16,496 - INFO - Raw data saved to data/diabetes_raw.csv
2025-07-03 04:16:16,496 - INFO - Dataset loaded successfully. Shape: (100000, 9)
2025-07-03 04:16:16,496 - INFO - Performing data exploration...
2025-07-03 04:16:16,569 - INFO - Exploration completed:
2025-07-03 04:16:16,569 - INFO -   - Shape: (100000, 9)
2025-07-03 04:16:16,569 - INFO -   - Missing values: 0
2025-07-03 04:16:16,569 - INFO -   - Duplicates: 3854
2025-07-03 04:16:16,569 - INFO -   - Target distribution: {0: 91500, 1: 8500}
2025-07-03 04:16:16,569 - INFO - Starting data cleaning...
2025-07-03 04:16:16,591 - INFO - Found 3854 duplicate rows
2025-07-03 04:16:16,632 - INFO - Outlier detection completed: {'age': 0, 'hypertension': 7461, 'heart_disease': 3923, 'bmi': 5354, 'HbA1c_level': 1312, 'blood_glucose_level': 2031}
2025-07-03 04:16:16,692 - INFO - Data type validation completed
2025-07-03 04:16:16,694 - INFO - Data cleaning completed. Shape: (100000, 9) -> (96127, 9)
2025-07-03 04:16:16,694 - INFO - Starting feature engineering...
2025-07-03 04:16:16,715 - INFO - Label encoded gender: {'female': np.int64(0), 'male': np.int64(1), 'other': np.int64(2)}
2025-07-03 04:16:16,728 - INFO - Label encoded smoking_history: {'current': np.int64(0), 'ever': np.int64(1), 'former': np.int64(2), 'never': np.int64(3), 'no info': np.int64(4), 'not current': np.int64(5)}
2025-07-03 04:16:16,728 - INFO - Scaling numerical features using StandardScaler...
2025-07-03 04:16:16,745 - INFO - Feature engineering completed
2025-07-03 04:16:16,745 - INFO - Final feature columns: ['gender', 'age', 'hypertension', 'heart_disease', 'smoking_history', 'bmi', 'HbA1c_level', 'blood_glucose_level']
2025-07-03 04:16:16,746 - INFO - Starting preprocessing validation...
2025-07-03 04:16:21,111 - INFO - Validation completed successfully. Accuracy: 0.9691
2025-07-03 04:16:21,111 - INFO - Top 5 important features: [('HbA1c_level', np.float64(0.3926119497939353)), ('blood_glucose_level', np.float64(0.3211475549055219)), ('bmi', np.float64(0.1232182114375823)), ('age', np.float64(0.10519766712851836)), ('smoking_history', np.float64(0.02681212961311873))]
2025-07-03 04:16:21,719 - INFO - Preprocessed data saved to: preprocessing/diabetes_preprocessed.csv
2025-07-03 04:16:21,720 - INFO - Preprocessing objects saved to: preprocessing/diabetes_preprocessed_objects.pkl
2025-07-03 04:16:21,723 - INFO - Summary report saved to: preprocessing/diabetes_preprocessed_report.txt
2025-07-03 04:16:21,723 - INFO - === Preprocessing Pipeline Completed Successfully ===
